{"name": "test_check_upgrade_button", "status": "broken", "statusDetails": {"message": "selenium.common.exceptions.TimeoutException: Message:", "trace": "login_page = <pageobject_structure.pageobject.login_page.LoginPage object at 0x108414110>\ndashboard_page = <pageobject_structure.pageobject.dashboard_page.DashboardPage object at 0x108415090>, open_page = None\nheader_object = <pageobject_structure.pageobject.header_object.HeaderObject object at 0x108415c50>\n\n    @pytest.mark.only\n    def test_check_upgrade_button(login_page, dashboard_page, open_page, header_object):\n        login_page.login(\"Admin\", \"admin123\")\n        dashboard_page.check_that_page_opened(\"Dashboard\")\n        header_object.click_upgrade()\n>       login_page.page_should_be_opened(URLS.UPGRADE)\n\npageobject_structure/tests/test_header.py:30: \n_ _ _ _ _ _ _ _ _ _ _ _ _ _ _ _ _ _ _ _ _ _ _ _ _ _ _ _ _ _ _ _ _ _ _ _ _ _ _ _ _ _ _ _ _ _ _ _ _ _ _ _ _ _ _ _ _ _ _ _ _ _ _ _ _ _ _ _ _ _ _ _ _ _ _ _ _\npageobject_structure/core/base_page.py:28: in page_should_be_opened\n    assert self.wait.until(EC.url_contains(expected_url))\n           ^^^^^^^^^^^^^^^^^^^^^^^^^^^^^^^^^^^^^^^^^^^^^^\n_ _ _ _ _ _ _ _ _ _ _ _ _ _ _ _ _ _ _ _ _ _ _ _ _ _ _ _ _ _ _ _ _ _ _ _ _ _ _ _ _ _ _ _ _ _ _ _ _ _ _ _ _ _ _ _ _ _ _ _ _ _ _ _ _ _ _ _ _ _ _ _ _ _ _ _ _\n\nself = <selenium.webdriver.support.wait.WebDriverWait (session=\"a17e1f8fc4edba98127966fea78d130f\")>\nmethod = <function url_contains.<locals>._predicate at 0x108409940>, message = ''\n\n    def until(self, method: Callable[[D], Union[Literal[False], T]], message: str = \"\") -> T:\n        \"\"\"Wait until the method returns a value that is not False.\n    \n        Calls the method provided with the driver as an argument until the\n        return value does not evaluate to ``False``.\n    \n        Parameters:\n        -----------\n        method: callable(WebDriver)\n            - A callable object that takes a WebDriver instance as an argument.\n    \n        message: str\n            - Optional message for :exc:`TimeoutException`\n    \n        Return:\n        -------\n        object: T\n            - The result of the last call to `method`\n    \n        Raises:\n        -------\n        TimeoutException\n            - If 'method' does not return a truthy value within the WebDriverWait\n            object's timeout\n    \n        Example:\n        --------\n        >>> from selenium.webdriver.common.by import By\n        >>> from selenium.webdriver.support.ui import WebDriverWait\n        >>> from selenium.webdriver.support import expected_conditions as EC\n    \n        # Wait until an element is visible on the page\n        >>> wait = WebDriverWait(driver, 10)\n        >>> element = wait.until(EC.visibility_of_element_located((By.ID, \"exampleId\")))\n        >>> print(element.text)\n        \"\"\"\n        screen = None\n        stacktrace = None\n    \n        end_time = time.monotonic() + self._timeout\n        while True:\n            try:\n                value = method(self._driver)\n                if value:\n                    return value\n            except self._ignored_exceptions as exc:\n                screen = getattr(exc, \"screen\", None)\n                stacktrace = getattr(exc, \"stacktrace\", None)\n            if time.monotonic() > end_time:\n                break\n            time.sleep(self._poll)\n>       raise TimeoutException(message, screen, stacktrace)\nE       selenium.common.exceptions.TimeoutException: Message:\n\n../qap21_platon1/.venv1/lib/python3.11/site-packages/selenium/webdriver/support/wait.py:138: TimeoutException"}, "start": 1763492733732, "stop": 1763492745825, "uuid": "c6a93950-9fe2-4c50-903c-161bcd3bdbdd", "historyId": "da80d5f72ea9fd18d4995344db21eaba", "testCaseId": "da80d5f72ea9fd18d4995344db21eaba", "fullName": "pageobject_structure.tests.test_header#test_check_upgrade_button", "labels": [{"name": "tag", "value": "only"}, {"name": "parentSuite", "value": "pageobject_structure.tests"}, {"name": "suite", "value": "test_header"}, {"name": "host", "value": "3433823769460736251-33RP-PENG-PL"}, {"name": "thread", "value": "66983-MainThread"}, {"name": "framework", "value": "pytest"}, {"name": "language", "value": "cpython3"}, {"name": "package", "value": "pageobject_structure.tests.test_header"}], "titlePath": ["pageobject_structure", "tests", "test_header.py"]}