{"name": "test_check_about_modal", "status": "broken", "statusDetails": {"message": "selenium.common.exceptions.InvalidSelectorException: Message: invalid selector: An invalid or illegal selector was specified\n  (Session info: chrome=142.0.7444.162); For documentation on this error, please visit: https://www.selenium.dev/documentation/webdriver/troubleshooting/errors#invalidselectorexception\nStacktrace:\n0   chromedriver                        0x0000000102e1eecc cxxbridge1$str$ptr + 2941512\n1   chromedriver                        0x0000000102e16b88 cxxbridge1$str$ptr + 2907908\n2   chromedriver                        0x000000010292e2b0 _RNvCsgXDX2mvAJAg_7___rustc35___rust_no_alloc_shim_is_unstable_v2 + 74020\n3   chromedriver                        0x00000001029341e0 _RNvCsgXDX2mvAJAg_7___rustc35___rust_no_alloc_shim_is_unstable_v2 + 98388\n4   chromedriver                        0x0000000102936314 _RNvCsgXDX2mvAJAg_7___rustc35___rust_no_alloc_shim_is_unstable_v2 + 106888\n5   chromedriver                        0x00000001029363cc _RNvCsgXDX2mvAJAg_7___rustc35___rust_no_alloc_shim_is_unstable_v2 + 107072\n6   chromedriver                        0x000000010297545c _RNvCsgXDX2mvAJAg_7___rustc35___rust_no_alloc_shim_is_unstable_v2 + 365264\n7   chromedriver                        0x00000001029b6d54 _RNvCsgXDX2mvAJAg_7___rustc35___rust_no_alloc_shim_is_unstable_v2 + 633800\n8   chromedriver                        0x0000000102969ef0 _RNvCsgXDX2mvAJAg_7___rustc35___rust_no_alloc_shim_is_unstable_v2 + 318820\n9   chromedriver                        0x0000000102de20c8 cxxbridge1$str$ptr + 2692164\n10  chromedriver                        0x0000000102de58dc cxxbridge1$str$ptr + 2706520\n11  chromedriver                        0x0000000102dc284c cxxbridge1$str$ptr + 2563016\n12  chromedriver                        0x0000000102de61b4 cxxbridge1$str$ptr + 2708784\n13  chromedriver                        0x0000000102db40f4 cxxbridge1$str$ptr + 2503792\n14  chromedriver                        0x0000000102e05498 cxxbridge1$str$ptr + 2836500\n15  chromedriver                        0x0000000102e0561c cxxbridge1$str$ptr + 2836888\n16  chromedriver                        0x0000000102e167d8 cxxbridge1$str$ptr + 2906964\n17  libsystem_pthread.dylib             0x000000019e81dc08 _pthread_start + 136\n18  libsystem_pthread.dylib             0x000000019e818ba8 thread_start + 8", "trace": "login_page = <pageobject_structure.pageobject.login_page.LoginPage object at 0x106594410>\ndashboard_page = <pageobject_structure.pageobject.dashboard_page.DashboardPage object at 0x106594350>, open_page = None\nheader_object = <pageobject_structure.pageobject.header_object.HeaderObject object at 0x106595c90>\n\n    @pytest.mark.only\n    def test_check_about_modal(login_page, dashboard_page, open_page, header_object):\n        login_page.login(\"Admin\", \"admin123\")\n        dashboard_page.check_that_page_opened(\"Dashboard\")\n>       header_object.check_about_modal()\n\npageobject_structure/tests/test_header.py:37: \n_ _ _ _ _ _ _ _ _ _ _ _ _ _ _ _ _ _ _ _ _ _ _ _ _ _ _ _ _ _ _ _ _ _ _ _ _ _ _ _ _ _ _ _ _ _ _ _ _ _ _ _ _ _ _ _ _ _ _ _ _ _ _ _ _ _ _ _ _ _ _ _ _ _ _ _ _\npageobject_structure/pageobject/header_object.py:37: in check_about_modal\n    self.should_be_visible(self.header_locators.COMPANY_NAME_LABEL)\npageobject_structure/core/base_page.py:38: in should_be_visible\n    element = self.get_element(selector)\n              ^^^^^^^^^^^^^^^^^^^^^^^^^^\npageobject_structure/core/base_page.py:14: in get_element\n    element = WebDriverWait(self.driver, timeout).until(EC.visibility_of_element_located(selector))\n              ^^^^^^^^^^^^^^^^^^^^^^^^^^^^^^^^^^^^^^^^^^^^^^^^^^^^^^^^^^^^^^^^^^^^^^^^^^^^^^^^^^^^^\n../qap21_platon1/.venv1/lib/python3.11/site-packages/selenium/webdriver/support/wait.py:129: in until\n    value = method(self._driver)\n            ^^^^^^^^^^^^^^^^^^^^\n../qap21_platon1/.venv1/lib/python3.11/site-packages/selenium/webdriver/support/expected_conditions.py:217: in _predicate\n    return _element_if_visible(driver.find_element(*locator))\n                               ^^^^^^^^^^^^^^^^^^^^^^^^^^^^^\n../qap21_platon1/.venv1/lib/python3.11/site-packages/selenium/webdriver/remote/webdriver.py:926: in find_element\n    return self.execute(Command.FIND_ELEMENT, {\"using\": by, \"value\": value})[\"value\"]\n           ^^^^^^^^^^^^^^^^^^^^^^^^^^^^^^^^^^^^^^^^^^^^^^^^^^^^^^^^^^^^^^^^^\n../qap21_platon1/.venv1/lib/python3.11/site-packages/selenium/webdriver/remote/webdriver.py:458: in execute\n    self.error_handler.check_response(response)\n_ _ _ _ _ _ _ _ _ _ _ _ _ _ _ _ _ _ _ _ _ _ _ _ _ _ _ _ _ _ _ _ _ _ _ _ _ _ _ _ _ _ _ _ _ _ _ _ _ _ _ _ _ _ _ _ _ _ _ _ _ _ _ _ _ _ _ _ _ _ _ _ _ _ _ _ _\n\nself = <selenium.webdriver.remote.errorhandler.ErrorHandler object at 0x1054fe250>\nresponse = {'status': 400, 'value': '{\"value\":{\"error\":\"invalid selector\",\"message\":\"invalid selector: An invalid or illegal sele...00019e81dc08 _pthread_start + 136\\\\n18  libsystem_pthread.dylib             0x000000019e818ba8 thread_start + 8\\\\n\"}}'}\n\n    def check_response(self, response: dict[str, Any]) -> None:\n        \"\"\"Checks that a JSON response from the WebDriver does not have an\n        error.\n    \n        :Args:\n         - response - The JSON response from the WebDriver server as a dictionary\n           object.\n    \n        :Raises: If the response contains an error message.\n        \"\"\"\n        status = response.get(\"status\", None)\n        if not status or status == ErrorCode.SUCCESS:\n            return\n        value = None\n        message = response.get(\"message\", \"\")\n        screen: str = response.get(\"screen\", \"\")\n        stacktrace = None\n        if isinstance(status, int):\n            value_json = response.get(\"value\", None)\n            if value_json and isinstance(value_json, str):\n                try:\n                    value = json.loads(value_json)\n                    if isinstance(value, dict):\n                        if len(value) == 1:\n                            value = value[\"value\"]\n                        status = value.get(\"error\", None)\n                        if not status:\n                            status = value.get(\"status\", ErrorCode.UNKNOWN_ERROR)\n                            message = value.get(\"value\") or value.get(\"message\")\n                            if not isinstance(message, str):\n                                value = message\n                                message = message.get(\"message\") if isinstance(message, dict) else None\n                        else:\n                            message = value.get(\"message\", None)\n                except ValueError:\n                    pass\n    \n        exception_class: type[WebDriverException]\n        e = ErrorCode()\n        error_codes = [item for item in dir(e) if not item.startswith(\"__\")]\n        for error_code in error_codes:\n            error_info = getattr(ErrorCode, error_code)\n            if isinstance(error_info, list) and status in error_info:\n                exception_class = getattr(ExceptionMapping, error_code, WebDriverException)\n                break\n        else:\n            exception_class = WebDriverException\n    \n        if not value:\n            value = response[\"value\"]\n        if isinstance(value, str):\n            raise exception_class(value)\n        if message == \"\" and \"message\" in value:\n            message = value[\"message\"]\n    \n        screen = None  # type: ignore[assignment]\n        if \"screen\" in value:\n            screen = value[\"screen\"]\n    \n        stacktrace = None\n        st_value = value.get(\"stackTrace\") or value.get(\"stacktrace\")\n        if st_value:\n            if isinstance(st_value, str):\n                stacktrace = st_value.split(\"\\n\")\n            else:\n                stacktrace = []\n                try:\n                    for frame in st_value:\n                        line = frame.get(\"lineNumber\", \"\")\n                        file = frame.get(\"fileName\", \"<anonymous>\")\n                        if line:\n                            file = f\"{file}:{line}\"\n                        meth = frame.get(\"methodName\", \"<anonymous>\")\n                        if \"className\" in frame:\n                            meth = f\"{frame['className']}.{meth}\"\n                        msg = \"    at %s (%s)\"\n                        msg = msg % (meth, file)\n                        stacktrace.append(msg)\n                except TypeError:\n                    pass\n        if exception_class == UnexpectedAlertPresentException:\n            alert_text = None\n            if \"data\" in value:\n                alert_text = value[\"data\"].get(\"text\")\n            elif \"alert\" in value:\n                alert_text = value[\"alert\"].get(\"text\")\n            raise exception_class(message, screen, stacktrace, alert_text)  # type: ignore[call-arg]  # mypy is not smart enough here\n>       raise exception_class(message, screen, stacktrace)\nE       selenium.common.exceptions.InvalidSelectorException: Message: invalid selector: An invalid or illegal selector was specified\nE         (Session info: chrome=142.0.7444.162); For documentation on this error, please visit: https://www.selenium.dev/documentation/webdriver/troubleshooting/errors#invalidselectorexception\nE       Stacktrace:\nE       0   chromedriver                        0x0000000102e1eecc cxxbridge1$str$ptr + 2941512\nE       1   chromedriver                        0x0000000102e16b88 cxxbridge1$str$ptr + 2907908\nE       2   chromedriver                        0x000000010292e2b0 _RNvCsgXDX2mvAJAg_7___rustc35___rust_no_alloc_shim_is_unstable_v2 + 74020\nE       3   chromedriver                        0x00000001029341e0 _RNvCsgXDX2mvAJAg_7___rustc35___rust_no_alloc_shim_is_unstable_v2 + 98388\nE       4   chromedriver                        0x0000000102936314 _RNvCsgXDX2mvAJAg_7___rustc35___rust_no_alloc_shim_is_unstable_v2 + 106888\nE       5   chromedriver                        0x00000001029363cc _RNvCsgXDX2mvAJAg_7___rustc35___rust_no_alloc_shim_is_unstable_v2 + 107072\nE       6   chromedriver                        0x000000010297545c _RNvCsgXDX2mvAJAg_7___rustc35___rust_no_alloc_shim_is_unstable_v2 + 365264\nE       7   chromedriver                        0x00000001029b6d54 _RNvCsgXDX2mvAJAg_7___rustc35___rust_no_alloc_shim_is_unstable_v2 + 633800\nE       8   chromedriver                        0x0000000102969ef0 _RNvCsgXDX2mvAJAg_7___rustc35___rust_no_alloc_shim_is_unstable_v2 + 318820\nE       9   chromedriver                        0x0000000102de20c8 cxxbridge1$str$ptr + 2692164\nE       10  chromedriver                        0x0000000102de58dc cxxbridge1$str$ptr + 2706520\nE       11  chromedriver                        0x0000000102dc284c cxxbridge1$str$ptr + 2563016\nE       12  chromedriver                        0x0000000102de61b4 cxxbridge1$str$ptr + 2708784\nE       13  chromedriver                        0x0000000102db40f4 cxxbridge1$str$ptr + 2503792\nE       14  chromedriver                        0x0000000102e05498 cxxbridge1$str$ptr + 2836500\nE       15  chromedriver                        0x0000000102e0561c cxxbridge1$str$ptr + 2836888\nE       16  chromedriver                        0x0000000102e167d8 cxxbridge1$str$ptr + 2906964\nE       17  libsystem_pthread.dylib             0x000000019e81dc08 _pthread_start + 136\nE       18  libsystem_pthread.dylib             0x000000019e818ba8 thread_start + 8\n\n../qap21_platon1/.venv1/lib/python3.11/site-packages/selenium/webdriver/remote/errorhandler.py:232: InvalidSelectorException"}, "start": 1763493399017, "stop": 1763493402575, "uuid": "ab3958bb-7206-4d0c-8fef-d157e297d7ec", "historyId": "fb999398c01058063f4d25c56b79ae58", "testCaseId": "fb999398c01058063f4d25c56b79ae58", "fullName": "pageobject_structure.tests.test_header#test_check_about_modal", "labels": [{"name": "tag", "value": "only"}, {"name": "parentSuite", "value": "pageobject_structure.tests"}, {"name": "suite", "value": "test_header"}, {"name": "host", "value": "3433823769460736251-33RP-PENG-PL"}, {"name": "thread", "value": "67440-MainThread"}, {"name": "framework", "value": "pytest"}, {"name": "language", "value": "cpython3"}, {"name": "package", "value": "pageobject_structure.tests.test_header"}], "titlePath": ["pageobject_structure", "tests", "test_header.py"]}