{"name": "test_check_sidebar_menu", "status": "broken", "statusDetails": {"message": "selenium.common.exceptions.TimeoutException: Message: \nStacktrace:\n0   chromedriver                        0x00000001014eeecc cxxbridge1$str$ptr + 2941512\n1   chromedriver                        0x00000001014e6b88 cxxbridge1$str$ptr + 2907908\n2   chromedriver                        0x0000000100ffe2b0 _RNvCsgXDX2mvAJAg_7___rustc35___rust_no_alloc_shim_is_unstable_v2 + 74020\n3   chromedriver                        0x000000010104588c _RNvCsgXDX2mvAJAg_7___rustc35___rust_no_alloc_shim_is_unstable_v2 + 366336\n4   chromedriver                        0x0000000101086d54 _RNvCsgXDX2mvAJAg_7___rustc35___rust_no_alloc_shim_is_unstable_v2 + 633800\n5   chromedriver                        0x0000000101039ef0 _RNvCsgXDX2mvAJAg_7___rustc35___rust_no_alloc_shim_is_unstable_v2 + 318820\n6   chromedriver                        0x00000001014b20c8 cxxbridge1$str$ptr + 2692164\n7   chromedriver                        0x00000001014b58dc cxxbridge1$str$ptr + 2706520\n8   chromedriver                        0x000000010149284c cxxbridge1$str$ptr + 2563016\n9   chromedriver                        0x00000001014b61b4 cxxbridge1$str$ptr + 2708784\n10  chromedriver                        0x00000001014840f4 cxxbridge1$str$ptr + 2503792\n11  chromedriver                        0x00000001014d5498 cxxbridge1$str$ptr + 2836500\n12  chromedriver                        0x00000001014d561c cxxbridge1$str$ptr + 2836888\n13  chromedriver                        0x00000001014e67d8 cxxbridge1$str$ptr + 2906964\n14  libsystem_pthread.dylib             0x000000019e81dc08 _pthread_start + 136\n15  libsystem_pthread.dylib             0x000000019e818ba8 thread_start + 8", "trace": "login_page = <pageobject_structure.pageobject.login_page.LoginPage object at 0x1121eeed0>\ndashboard_page = <pageobject_structure.pageobject.dashboard_page.DashboardPage object at 0x1121f8e90>, open_page = None\nsidebar_object = <pageobject_structure.pageobject.sidebar_object.SidebarObject object at 0x1121fb690>\n\n    @pytest.mark.only\n    def test_check_sidebar_menu(login_page, dashboard_page, open_page, sidebar_object):\n        login_page.login(\"Admin\", \"admin123\")\n        dashboard_page.check_that_page_opened(\"Dashboard\")\n>       sidebar_object.check_sidebar_menu()\n\npageobject_structure/tests/test_sidebar.py:27: \n_ _ _ _ _ _ _ _ _ _ _ _ _ _ _ _ _ _ _ _ _ _ _ _ _ _ _ _ _ _ _ _ _ _ _ _ _ _ _ _ _ _ _ _ _ _ _ _ _ _ _ _ _ _ _ _ _ _ _ _ _ _ _ _ _ _ _ _ _ _ _ _ _ _ _ _ _\npageobject_structure/pageobject/sidebar_object.py:110: in check_sidebar_menu\n    self.should_be_visible(self.sidebar_locators.BUZZ)\npageobject_structure/core/base_page.py:38: in should_be_visible\n    element = self.get_element(selector)\n              ^^^^^^^^^^^^^^^^^^^^^^^^^^\npageobject_structure/core/base_page.py:14: in get_element\n    element = WebDriverWait(self.driver, timeout).until(EC.visibility_of_element_located(selector))\n              ^^^^^^^^^^^^^^^^^^^^^^^^^^^^^^^^^^^^^^^^^^^^^^^^^^^^^^^^^^^^^^^^^^^^^^^^^^^^^^^^^^^^^\n_ _ _ _ _ _ _ _ _ _ _ _ _ _ _ _ _ _ _ _ _ _ _ _ _ _ _ _ _ _ _ _ _ _ _ _ _ _ _ _ _ _ _ _ _ _ _ _ _ _ _ _ _ _ _ _ _ _ _ _ _ _ _ _ _ _ _ _ _ _ _ _ _ _ _ _ _\n\nself = <selenium.webdriver.support.wait.WebDriverWait (session=\"4f1e5a6b22ecc7b5b4f49dfcf8a45c43\")>\nmethod = <function visibility_of_element_located.<locals>._predicate at 0x112282c00>, message = ''\n\n    def until(self, method: Callable[[D], Union[Literal[False], T]], message: str = \"\") -> T:\n        \"\"\"Wait until the method returns a value that is not False.\n    \n        Calls the method provided with the driver as an argument until the\n        return value does not evaluate to ``False``.\n    \n        Parameters:\n        -----------\n        method: callable(WebDriver)\n            - A callable object that takes a WebDriver instance as an argument.\n    \n        message: str\n            - Optional message for :exc:`TimeoutException`\n    \n        Return:\n        -------\n        object: T\n            - The result of the last call to `method`\n    \n        Raises:\n        -------\n        TimeoutException\n            - If 'method' does not return a truthy value within the WebDriverWait\n            object's timeout\n    \n        Example:\n        --------\n        >>> from selenium.webdriver.common.by import By\n        >>> from selenium.webdriver.support.ui import WebDriverWait\n        >>> from selenium.webdriver.support import expected_conditions as EC\n    \n        # Wait until an element is visible on the page\n        >>> wait = WebDriverWait(driver, 10)\n        >>> element = wait.until(EC.visibility_of_element_located((By.ID, \"exampleId\")))\n        >>> print(element.text)\n        \"\"\"\n        screen = None\n        stacktrace = None\n    \n        end_time = time.monotonic() + self._timeout\n        while True:\n            try:\n                value = method(self._driver)\n                if value:\n                    return value\n            except self._ignored_exceptions as exc:\n                screen = getattr(exc, \"screen\", None)\n                stacktrace = getattr(exc, \"stacktrace\", None)\n            if time.monotonic() > end_time:\n                break\n            time.sleep(self._poll)\n>       raise TimeoutException(message, screen, stacktrace)\nE       selenium.common.exceptions.TimeoutException: Message: \nE       Stacktrace:\nE       0   chromedriver                        0x00000001014eeecc cxxbridge1$str$ptr + 2941512\nE       1   chromedriver                        0x00000001014e6b88 cxxbridge1$str$ptr + 2907908\nE       2   chromedriver                        0x0000000100ffe2b0 _RNvCsgXDX2mvAJAg_7___rustc35___rust_no_alloc_shim_is_unstable_v2 + 74020\nE       3   chromedriver                        0x000000010104588c _RNvCsgXDX2mvAJAg_7___rustc35___rust_no_alloc_shim_is_unstable_v2 + 366336\nE       4   chromedriver                        0x0000000101086d54 _RNvCsgXDX2mvAJAg_7___rustc35___rust_no_alloc_shim_is_unstable_v2 + 633800\nE       5   chromedriver                        0x0000000101039ef0 _RNvCsgXDX2mvAJAg_7___rustc35___rust_no_alloc_shim_is_unstable_v2 + 318820\nE       6   chromedriver                        0x00000001014b20c8 cxxbridge1$str$ptr + 2692164\nE       7   chromedriver                        0x00000001014b58dc cxxbridge1$str$ptr + 2706520\nE       8   chromedriver                        0x000000010149284c cxxbridge1$str$ptr + 2563016\nE       9   chromedriver                        0x00000001014b61b4 cxxbridge1$str$ptr + 2708784\nE       10  chromedriver                        0x00000001014840f4 cxxbridge1$str$ptr + 2503792\nE       11  chromedriver                        0x00000001014d5498 cxxbridge1$str$ptr + 2836500\nE       12  chromedriver                        0x00000001014d561c cxxbridge1$str$ptr + 2836888\nE       13  chromedriver                        0x00000001014e67d8 cxxbridge1$str$ptr + 2906964\nE       14  libsystem_pthread.dylib             0x000000019e81dc08 _pthread_start + 136\nE       15  libsystem_pthread.dylib             0x000000019e818ba8 thread_start + 8\n\n../qap21_platon1/.venv1/lib/python3.11/site-packages/selenium/webdriver/support/wait.py:138: TimeoutException"}, "start": 1763551340229, "stop": 1763551352345, "uuid": "9da0061a-e2f7-404d-8589-dbc4a557007c", "historyId": "cf3b14cc0842c5065846c5d3f8e79dc4", "testCaseId": "cf3b14cc0842c5065846c5d3f8e79dc4", "fullName": "pageobject_structure.tests.test_sidebar#test_check_sidebar_menu", "labels": [{"name": "tag", "value": "only"}, {"name": "parentSuite", "value": "pageobject_structure.tests"}, {"name": "suite", "value": "test_sidebar"}, {"name": "host", "value": "3433823769460736251-33RP-PENG-PL"}, {"name": "thread", "value": "75275-MainThread"}, {"name": "framework", "value": "pytest"}, {"name": "language", "value": "cpython3"}, {"name": "package", "value": "pageobject_structure.tests.test_sidebar"}], "titlePath": ["pageobject_structure", "tests", "test_sidebar.py"]}