{"name": "test_check_about_modal", "status": "broken", "statusDetails": {"message": "selenium.common.exceptions.TimeoutException: Message: \nStacktrace:\n0   chromedriver                        0x000000010349eecc cxxbridge1$str$ptr + 2941512\n1   chromedriver                        0x0000000103496b88 cxxbridge1$str$ptr + 2907908\n2   chromedriver                        0x0000000102fae2b0 _RNvCsgXDX2mvAJAg_7___rustc35___rust_no_alloc_shim_is_unstable_v2 + 74020\n3   chromedriver                        0x0000000102ff588c _RNvCsgXDX2mvAJAg_7___rustc35___rust_no_alloc_shim_is_unstable_v2 + 366336\n4   chromedriver                        0x0000000103036d54 _RNvCsgXDX2mvAJAg_7___rustc35___rust_no_alloc_shim_is_unstable_v2 + 633800\n5   chromedriver                        0x0000000102fe9ef0 _RNvCsgXDX2mvAJAg_7___rustc35___rust_no_alloc_shim_is_unstable_v2 + 318820\n6   chromedriver                        0x00000001034620c8 cxxbridge1$str$ptr + 2692164\n7   chromedriver                        0x00000001034658dc cxxbridge1$str$ptr + 2706520\n8   chromedriver                        0x000000010344284c cxxbridge1$str$ptr + 2563016\n9   chromedriver                        0x00000001034661b4 cxxbridge1$str$ptr + 2708784\n10  chromedriver                        0x00000001034340f4 cxxbridge1$str$ptr + 2503792\n11  chromedriver                        0x0000000103485498 cxxbridge1$str$ptr + 2836500\n12  chromedriver                        0x000000010348561c cxxbridge1$str$ptr + 2836888\n13  chromedriver                        0x00000001034967d8 cxxbridge1$str$ptr + 2906964\n14  libsystem_pthread.dylib             0x000000019e81dc08 _pthread_start + 136\n15  libsystem_pthread.dylib             0x000000019e818ba8 thread_start + 8", "trace": "login_page = <pageobject_structure.pageobject.login_page.LoginPage object at 0x1067b0490>\ndashboard_page = <pageobject_structure.pageobject.dashboard_page.DashboardPage object at 0x1067b3490>, open_page = None\nheader_object = <pageobject_structure.pageobject.header_object.HeaderObject object at 0x1067b3f90>\n\n    @pytest.mark.only\n    def test_check_about_modal(login_page, dashboard_page, open_page, header_object):\n        login_page.login(\"Admin\", \"admin123\")\n        dashboard_page.check_that_page_opened(\"Dashboard\")\n>       header_object.check_about_modal()\n\npageobject_structure/tests/test_header.py:36: \n_ _ _ _ _ _ _ _ _ _ _ _ _ _ _ _ _ _ _ _ _ _ _ _ _ _ _ _ _ _ _ _ _ _ _ _ _ _ _ _ _ _ _ _ _ _ _ _ _ _ _ _ _ _ _ _ _ _ _ _ _ _ _ _ _ _ _ _ _ _ _ _ _ _ _ _ _\npageobject_structure/pageobject/header_object.py:32: in check_about_modal\n    self.should_be_visible(self.header_locators.COMPANY_NAME_LABEL)\npageobject_structure/core/base_page.py:38: in should_be_visible\n    element = self.get_element(selector)\n              ^^^^^^^^^^^^^^^^^^^^^^^^^^\npageobject_structure/core/base_page.py:14: in get_element\n    element = WebDriverWait(self.driver, timeout).until(EC.visibility_of_element_located(selector))\n              ^^^^^^^^^^^^^^^^^^^^^^^^^^^^^^^^^^^^^^^^^^^^^^^^^^^^^^^^^^^^^^^^^^^^^^^^^^^^^^^^^^^^^\n_ _ _ _ _ _ _ _ _ _ _ _ _ _ _ _ _ _ _ _ _ _ _ _ _ _ _ _ _ _ _ _ _ _ _ _ _ _ _ _ _ _ _ _ _ _ _ _ _ _ _ _ _ _ _ _ _ _ _ _ _ _ _ _ _ _ _ _ _ _ _ _ _ _ _ _ _\n\nself = <selenium.webdriver.support.wait.WebDriverWait (session=\"2566a37fb191328673c73deba0fd58d3\")>\nmethod = <function visibility_of_element_located.<locals>._predicate at 0x1069525c0>, message = ''\n\n    def until(self, method: Callable[[D], Union[Literal[False], T]], message: str = \"\") -> T:\n        \"\"\"Wait until the method returns a value that is not False.\n    \n        Calls the method provided with the driver as an argument until the\n        return value does not evaluate to ``False``.\n    \n        Parameters:\n        -----------\n        method: callable(WebDriver)\n            - A callable object that takes a WebDriver instance as an argument.\n    \n        message: str\n            - Optional message for :exc:`TimeoutException`\n    \n        Return:\n        -------\n        object: T\n            - The result of the last call to `method`\n    \n        Raises:\n        -------\n        TimeoutException\n            - If 'method' does not return a truthy value within the WebDriverWait\n            object's timeout\n    \n        Example:\n        --------\n        >>> from selenium.webdriver.common.by import By\n        >>> from selenium.webdriver.support.ui import WebDriverWait\n        >>> from selenium.webdriver.support import expected_conditions as EC\n    \n        # Wait until an element is visible on the page\n        >>> wait = WebDriverWait(driver, 10)\n        >>> element = wait.until(EC.visibility_of_element_located((By.ID, \"exampleId\")))\n        >>> print(element.text)\n        \"\"\"\n        screen = None\n        stacktrace = None\n    \n        end_time = time.monotonic() + self._timeout\n        while True:\n            try:\n                value = method(self._driver)\n                if value:\n                    return value\n            except self._ignored_exceptions as exc:\n                screen = getattr(exc, \"screen\", None)\n                stacktrace = getattr(exc, \"stacktrace\", None)\n            if time.monotonic() > end_time:\n                break\n            time.sleep(self._poll)\n>       raise TimeoutException(message, screen, stacktrace)\nE       selenium.common.exceptions.TimeoutException: Message: \nE       Stacktrace:\nE       0   chromedriver                        0x000000010349eecc cxxbridge1$str$ptr + 2941512\nE       1   chromedriver                        0x0000000103496b88 cxxbridge1$str$ptr + 2907908\nE       2   chromedriver                        0x0000000102fae2b0 _RNvCsgXDX2mvAJAg_7___rustc35___rust_no_alloc_shim_is_unstable_v2 + 74020\nE       3   chromedriver                        0x0000000102ff588c _RNvCsgXDX2mvAJAg_7___rustc35___rust_no_alloc_shim_is_unstable_v2 + 366336\nE       4   chromedriver                        0x0000000103036d54 _RNvCsgXDX2mvAJAg_7___rustc35___rust_no_alloc_shim_is_unstable_v2 + 633800\nE       5   chromedriver                        0x0000000102fe9ef0 _RNvCsgXDX2mvAJAg_7___rustc35___rust_no_alloc_shim_is_unstable_v2 + 318820\nE       6   chromedriver                        0x00000001034620c8 cxxbridge1$str$ptr + 2692164\nE       7   chromedriver                        0x00000001034658dc cxxbridge1$str$ptr + 2706520\nE       8   chromedriver                        0x000000010344284c cxxbridge1$str$ptr + 2563016\nE       9   chromedriver                        0x00000001034661b4 cxxbridge1$str$ptr + 2708784\nE       10  chromedriver                        0x00000001034340f4 cxxbridge1$str$ptr + 2503792\nE       11  chromedriver                        0x0000000103485498 cxxbridge1$str$ptr + 2836500\nE       12  chromedriver                        0x000000010348561c cxxbridge1$str$ptr + 2836888\nE       13  chromedriver                        0x00000001034967d8 cxxbridge1$str$ptr + 2906964\nE       14  libsystem_pthread.dylib             0x000000019e81dc08 _pthread_start + 136\nE       15  libsystem_pthread.dylib             0x000000019e818ba8 thread_start + 8\n\n../qap21_platon1/.venv1/lib/python3.11/site-packages/selenium/webdriver/support/wait.py:138: TimeoutException"}, "start": 1763492647849, "stop": 1763492661327, "uuid": "73399626-2c52-45ae-8d49-44253ee26024", "historyId": "fb999398c01058063f4d25c56b79ae58", "testCaseId": "fb999398c01058063f4d25c56b79ae58", "fullName": "pageobject_structure.tests.test_header#test_check_about_modal", "labels": [{"name": "tag", "value": "only"}, {"name": "parentSuite", "value": "pageobject_structure.tests"}, {"name": "suite", "value": "test_header"}, {"name": "host", "value": "3433823769460736251-33RP-PENG-PL"}, {"name": "thread", "value": "66819-MainThread"}, {"name": "framework", "value": "pytest"}, {"name": "language", "value": "cpython3"}, {"name": "package", "value": "pageobject_structure.tests.test_header"}], "titlePath": ["pageobject_structure", "tests", "test_header.py"]}